<?xml version="1.0" encoding="UTF-8"?>
<testsuite name="com.emse.spring.faircorp.jar.ApplicationTests" tests="1" skipped="0" failures="0" errors="0" timestamp="2022-12-13T15:28:26" hostname="fv-az221-22" time="0.003">
  <properties/>
  <testcase name="contextLoads()" classname="com.emse.spring.faircorp.jar.ApplicationTests" time="0.003"/>
  <system-out><![CDATA[2022-12-13 15:28:24.432  INFO 1843 --- [    Test worker] .b.t.c.SpringBootTestContextBootstrapper : Neither @ContextConfiguration nor @ContextHierarchy found for test class [com.emse.spring.faircorp.jar.ApplicationTests], using SpringBootContextLoader
2022-12-13 15:28:24.433  INFO 1843 --- [    Test worker] o.s.t.c.support.AbstractContextLoader    : Could not detect default resource locations for test class [com.emse.spring.faircorp.jar.ApplicationTests]: no resource found for suffixes {-context.xml, Context.groovy}.
2022-12-13 15:28:24.434  INFO 1843 --- [    Test worker] t.c.s.AnnotationConfigContextLoaderUtils : Could not detect default configuration classes for test class [com.emse.spring.faircorp.jar.ApplicationTests]: ApplicationTests does not declare any static, non-private, non-final, nested classes annotated with @Configuration.
2022-12-13 15:28:24.442  INFO 1843 --- [    Test worker] .b.t.c.SpringBootTestContextBootstrapper : Found @SpringBootConfiguration com.emse.spring.faircorp.Application for test class com.emse.spring.faircorp.jar.ApplicationTests
2022-12-13 15:28:24.445  INFO 1843 --- [    Test worker] .b.t.c.SpringBootTestContextBootstrapper : Loaded default TestExecutionListener class names from location [META-INF/spring.factories]: [org.springframework.security.test.context.support.WithSecurityContextTestExecutionListener, org.springframework.security.test.context.support.ReactorContextTestExecutionListener, org.springframework.boot.test.autoconfigure.restdocs.RestDocsTestExecutionListener, org.springframework.boot.test.autoconfigure.web.client.MockRestServiceServerResetTestExecutionListener, org.springframework.boot.test.autoconfigure.web.servlet.MockMvcPrintOnlyOnFailureTestExecutionListener, org.springframework.boot.test.autoconfigure.web.servlet.WebDriverTestExecutionListener, org.springframework.boot.test.autoconfigure.webservices.client.MockWebServiceServerTestExecutionListener, org.springframework.boot.test.mock.mockito.MockitoTestExecutionListener, org.springframework.boot.test.mock.mockito.ResetMocksTestExecutionListener, org.springframework.test.context.web.ServletTestExecutionListener, org.springframework.test.context.support.DirtiesContextBeforeModesTestExecutionListener, org.springframework.test.context.event.ApplicationEventsTestExecutionListener, org.springframework.test.context.support.DependencyInjectionTestExecutionListener, org.springframework.test.context.support.DirtiesContextTestExecutionListener, org.springframework.test.context.transaction.TransactionalTestExecutionListener, org.springframework.test.context.jdbc.SqlScriptsTestExecutionListener, org.springframework.test.context.event.EventPublishingTestExecutionListener]
2022-12-13 15:28:24.446  INFO 1843 --- [    Test worker] .b.t.c.SpringBootTestContextBootstrapper : Using TestExecutionListeners: [org.springframework.test.context.web.ServletTestExecutionListener@246f9fa8, org.springframework.test.context.support.DirtiesContextBeforeModesTestExecutionListener@4d001a14, org.springframework.test.context.event.ApplicationEventsTestExecutionListener@7af85b32, org.springframework.boot.test.mock.mockito.MockitoTestExecutionListener@1d8f835c, org.springframework.boot.test.autoconfigure.SpringBootDependencyInjectionTestExecutionListener@45c5cd9a, org.springframework.test.context.support.DirtiesContextTestExecutionListener@858bf8c, org.springframework.test.context.transaction.TransactionalTestExecutionListener@30c1447e, org.springframework.test.context.jdbc.SqlScriptsTestExecutionListener@5135b459, org.springframework.security.test.context.support.WithSecurityContextTestExecutionListener@3a770af8, org.springframework.test.context.event.EventPublishingTestExecutionListener@779e66e5, org.springframework.security.test.context.support.ReactorContextTestExecutionListener@4d462edc, org.springframework.boot.test.autoconfigure.restdocs.RestDocsTestExecutionListener@312ddc51, org.springframework.boot.test.autoconfigure.web.client.MockRestServiceServerResetTestExecutionListener@330f3046, org.springframework.boot.test.autoconfigure.web.servlet.MockMvcPrintOnlyOnFailureTestExecutionListener@37a2d18c, org.springframework.boot.test.autoconfigure.web.servlet.WebDriverTestExecutionListener@4b6e296a, org.springframework.boot.test.autoconfigure.webservices.client.MockWebServiceServerTestExecutionListener@14feab02, org.springframework.boot.test.mock.mockito.ResetMocksTestExecutionListener@5e3934db]

  .   ____          _            __ _ _
 /\\ / ___'_ __ _ _(_)_ __  __ _ \ \ \ \
( ( )\___ | '_ | '_| | '_ \/ _` | \ \ \ \
 \\/  ___)| |_)| | | | | || (_| |  ) ) ) )
  '  |____| .__|_| |_|_| |_\__, | / / / /
 =========|_|==============|___/=/_/_/_/
 :: Spring Boot ::                (v2.7.3)

2022-12-13 15:28:24.471  INFO 1843 --- [    Test worker] c.e.s.faircorp.jar.ApplicationTests      : Starting ApplicationTests using Java 11.0.17 on fv-az221-22 with PID 1843 (started by runner in /home/runner/work/faircop/faircop)
2022-12-13 15:28:24.472  INFO 1843 --- [    Test worker] c.e.s.faircorp.jar.ApplicationTests      : No active profile set, falling back to 1 default profile: "default"
2022-12-13 15:28:24.847  INFO 1843 --- [    Test worker] .s.d.r.c.RepositoryConfigurationDelegate : Bootstrapping Spring Data JPA repositories in DEFAULT mode.
2022-12-13 15:28:24.862  INFO 1843 --- [    Test worker] .s.d.r.c.RepositoryConfigurationDelegate : Finished Spring Data repository scanning in 14 ms. Found 4 JPA repository interfaces.
2022-12-13 15:28:25.078  INFO 1843 --- [    Test worker] com.zaxxer.hikari.HikariDataSource       : HikariPool-1 - Starting...
2022-12-13 15:28:25.100  INFO 1843 --- [    Test worker] com.zaxxer.hikari.HikariDataSource       : HikariPool-1 - Start completed.
2022-12-13 15:28:25.136  INFO 1843 --- [    Test worker] o.hibernate.jpa.internal.util.LogHelper  : HHH000204: Processing PersistenceUnitInfo [name: default]
2022-12-13 15:28:25.144  INFO 1843 --- [    Test worker] org.hibernate.dialect.Dialect            : HHH000400: Using dialect: org.hibernate.dialect.H2Dialect
Hibernate: drop table if exists building CASCADE 
Hibernate: drop table if exists heater CASCADE 
Hibernate: drop table if exists room CASCADE 
Hibernate: drop table if exists rwindow CASCADE 
Hibernate: drop sequence if exists hibernate_sequence
Hibernate: create sequence hibernate_sequence start with 1 increment by 1
Hibernate: create table building (id bigint not null, adress varchar(255), name varchar(255) not null, primary key (id))
Hibernate: create table heater (id bigint not null, heater_status varchar(255), name varchar(255) not null, power bigint, room_id bigint, primary key (id))
Hibernate: create table room (id bigint not null, current_temperature double, floor integer not null, name varchar(255) not null, target_temperature double, building_id bigint, primary key (id))
Hibernate: create table rwindow (id bigint not null, name varchar(255) not null, window_status varchar(255), room_id bigint, primary key (id))
Hibernate: alter table heater add constraint FKba10hbsubifukw0monybjx3a0 foreign key (room_id) references room
Hibernate: alter table room add constraint FK4kmfw73x2vpfymk0ml875rh2q foreign key (building_id) references building
Hibernate: alter table rwindow add constraint FK621arbu4dtuis4nf2o3xtapfn foreign key (room_id) references room
2022-12-13 15:28:25.258  INFO 1843 --- [    Test worker] o.h.e.t.j.p.i.JtaPlatformInitiator       : HHH000490: Using JtaPlatform implementation: [org.hibernate.engine.transaction.jta.platform.internal.NoJtaPlatform]
2022-12-13 15:28:25.263  INFO 1843 --- [    Test worker] j.LocalContainerEntityManagerFactoryBean : Initialized JPA EntityManagerFactory for persistence unit 'default'
2022-12-13 15:28:25.682  WARN 1843 --- [    Test worker] JpaBaseConfiguration$JpaWebConfiguration : spring.jpa.open-in-view is enabled by default. Therefore, database queries may be performed during view rendering. Explicitly configure spring.jpa.open-in-view to disable this warning
2022-12-13 15:28:25.725  INFO 1843 --- [    Test worker] o.s.b.a.h2.H2ConsoleAutoConfiguration    : H2 console available at '/console'. Database available at 'jdbc:h2:mem:faircorp'
2022-12-13 15:28:26.139  INFO 1843 --- [    Test worker] o.s.s.web.DefaultSecurityFilterChain     : Will secure any request with [org.springframework.security.web.session.DisableEncodeUrlFilter@26d63c94, org.springframework.security.web.context.request.async.WebAsyncManagerIntegrationFilter@4e42beba, org.springframework.security.web.context.SecurityContextPersistenceFilter@5331be15, org.springframework.security.web.header.HeaderWriterFilter@112188cc, org.springframework.security.web.authentication.logout.LogoutFilter@1f3bd40a, org.springframework.security.web.authentication.UsernamePasswordAuthenticationFilter@1ee47336, org.springframework.security.web.authentication.ui.DefaultLoginPageGeneratingFilter@5ac88d71, org.springframework.security.web.authentication.ui.DefaultLogoutPageGeneratingFilter@73021987, org.springframework.security.web.authentication.www.BasicAuthenticationFilter@5f18f8a1, org.springframework.security.web.savedrequest.RequestCacheAwareFilter@32a53a59, org.springframework.security.web.servletapi.SecurityContextHolderAwareRequestFilter@2f5fb329, org.springframework.security.web.authentication.AnonymousAuthenticationFilter@6bc72ab6, org.springframework.security.web.session.SessionManagementFilter@19ad99fa, org.springframework.security.web.access.ExceptionTranslationFilter@3e6be3c1, org.springframework.security.web.access.intercept.FilterSecurityInterceptor@2c289a9e]
2022-12-13 15:28:26.145  INFO 1843 --- [    Test worker] o.s.s.web.DefaultSecurityFilterChain     : Will secure Ant [pattern='/api/**'] with [org.springframework.security.web.session.DisableEncodeUrlFilter@250e9655, org.springframework.security.web.context.request.async.WebAsyncManagerIntegrationFilter@4064cd60, org.springframework.security.web.context.SecurityContextPersistenceFilter@3df9b24b, org.springframework.security.web.header.HeaderWriterFilter@16b35f2f, org.springframework.security.web.authentication.logout.LogoutFilter@61be2a65, org.springframework.security.web.authentication.UsernamePasswordAuthenticationFilter@1e019687, org.springframework.security.web.authentication.ui.DefaultLoginPageGeneratingFilter@4054f861, org.springframework.security.web.authentication.ui.DefaultLogoutPageGeneratingFilter@5243ce45, org.springframework.security.web.authentication.www.BasicAuthenticationFilter@41c983d3, org.springframework.security.web.savedrequest.RequestCacheAwareFilter@a355b, org.springframework.security.web.servletapi.SecurityContextHolderAwareRequestFilter@c4c4852, org.springframework.security.web.authentication.AnonymousAuthenticationFilter@5f1908c5, org.springframework.security.web.session.SessionManagementFilter@383e8d4f, org.springframework.security.web.access.ExceptionTranslationFilter@537dc661, org.springframework.security.web.access.intercept.FilterSecurityInterceptor@2a09e0d4]
2022-12-13 15:28:26.262  INFO 1843 --- [    Test worker] o.s.b.a.w.s.WelcomePageHandlerMapping    : Adding welcome page: class path resource [static/index.html]
2022-12-13 15:28:26.714  INFO 1843 --- [    Test worker] c.e.s.faircorp.jar.ApplicationTests      : Started ApplicationTests in 2.267 seconds (JVM running for 10.64)
Hello, Spring!
]]></system-out>
  <system-err><![CDATA[]]></system-err>
</testsuite>
