<?xml version="1.0" encoding="UTF-8"?>
<testsuite name="com.emse.spring.faircorp.hello.DummyUserServiceTest" tests="1" skipped="0" failures="0" errors="0" timestamp="2022-12-13T15:28:24" hostname="fv-az221-22" time="0.006">
  <properties/>
  <testcase name="testGreetingAll(CapturedOutput)" classname="com.emse.spring.faircorp.hello.DummyUserServiceTest" time="0.006"/>
  <system-out><![CDATA[2022-12-13 15:28:24.399  INFO 1843 --- [    Test worker] o.s.t.c.s.DefaultTestContextBootstrapper : Neither @ContextConfiguration nor @ContextHierarchy found for test class [com.emse.spring.faircorp.hello.DummyUserServiceTest], using DelegatingSmartContextLoader
2022-12-13 15:28:24.400  INFO 1843 --- [    Test worker] o.s.t.c.support.AbstractContextLoader    : Could not detect default resource locations for test class [com.emse.spring.faircorp.hello.DummyUserServiceTest]: no resource found for suffixes {-context.xml}.
2022-12-13 15:28:24.401  INFO 1843 --- [    Test worker] c.s.AbstractDelegatingSmartContextLoader : AnnotationConfigContextLoader detected default configuration classes for context configuration [ContextConfigurationAttributes@75daa568 declaringClass = 'com.emse.spring.faircorp.hello.DummyUserServiceTest', classes = '{class com.emse.spring.faircorp.hello.DummyUserServiceTest$DummyUserServiceTestConfig}', locations = '{}', inheritLocations = false, initializers = '{}', inheritInitializers = true, name = [null], contextLoaderClass = 'org.springframework.test.context.ContextLoader'].
2022-12-13 15:28:24.403  INFO 1843 --- [    Test worker] o.s.t.c.s.DefaultTestContextBootstrapper : Loaded default TestExecutionListener class names from location [META-INF/spring.factories]: [org.springframework.security.test.context.support.WithSecurityContextTestExecutionListener, org.springframework.security.test.context.support.ReactorContextTestExecutionListener, org.springframework.boot.test.autoconfigure.restdocs.RestDocsTestExecutionListener, org.springframework.boot.test.autoconfigure.web.client.MockRestServiceServerResetTestExecutionListener, org.springframework.boot.test.autoconfigure.web.servlet.MockMvcPrintOnlyOnFailureTestExecutionListener, org.springframework.boot.test.autoconfigure.web.servlet.WebDriverTestExecutionListener, org.springframework.boot.test.autoconfigure.webservices.client.MockWebServiceServerTestExecutionListener, org.springframework.boot.test.mock.mockito.MockitoTestExecutionListener, org.springframework.boot.test.mock.mockito.ResetMocksTestExecutionListener, org.springframework.test.context.web.ServletTestExecutionListener, org.springframework.test.context.support.DirtiesContextBeforeModesTestExecutionListener, org.springframework.test.context.event.ApplicationEventsTestExecutionListener, org.springframework.test.context.support.DependencyInjectionTestExecutionListener, org.springframework.test.context.support.DirtiesContextTestExecutionListener, org.springframework.test.context.transaction.TransactionalTestExecutionListener, org.springframework.test.context.jdbc.SqlScriptsTestExecutionListener, org.springframework.test.context.event.EventPublishingTestExecutionListener]
2022-12-13 15:28:24.404  INFO 1843 --- [    Test worker] o.s.t.c.s.DefaultTestContextBootstrapper : Using TestExecutionListeners: [org.springframework.test.context.web.ServletTestExecutionListener@2ff9a06, org.springframework.test.context.support.DirtiesContextBeforeModesTestExecutionListener@1ef8cf89, org.springframework.test.context.event.ApplicationEventsTestExecutionListener@4bb05a4e, org.springframework.boot.test.mock.mockito.MockitoTestExecutionListener@1d9e511c, org.springframework.test.context.support.DependencyInjectionTestExecutionListener@63cfd703, org.springframework.test.context.support.DirtiesContextTestExecutionListener@3b93d874, org.springframework.test.context.transaction.TransactionalTestExecutionListener@72b88762, org.springframework.test.context.jdbc.SqlScriptsTestExecutionListener@1d413e98, org.springframework.security.test.context.support.WithSecurityContextTestExecutionListener@2b85fc, org.springframework.test.context.event.EventPublishingTestExecutionListener@255eadf5, org.springframework.security.test.context.support.ReactorContextTestExecutionListener@13ebbdab, org.springframework.boot.test.autoconfigure.restdocs.RestDocsTestExecutionListener@74af4b0, org.springframework.boot.test.autoconfigure.web.client.MockRestServiceServerResetTestExecutionListener@5b1295c0, org.springframework.boot.test.autoconfigure.web.servlet.MockMvcPrintOnlyOnFailureTestExecutionListener@bf3aa52, org.springframework.boot.test.autoconfigure.web.servlet.WebDriverTestExecutionListener@45bb5862, org.springframework.boot.test.autoconfigure.webservices.client.MockWebServiceServerTestExecutionListener@1504db11, org.springframework.boot.test.mock.mockito.ResetMocksTestExecutionListener@5a77e0e4]
Hello, Elodie!
Hello, Charles!
]]></system-out>
  <system-err><![CDATA[]]></system-err>
</testsuite>
