<?xml version="1.0" encoding="UTF-8"?>
<testsuite name="com.emse.spring.faircorp.api.controller.WindowControllerTest" tests="7" skipped="0" failures="0" errors="0" timestamp="2022-12-13T15:28:22" hostname="fv-az221-22" time="0.063">
  <properties/>
  <testcase name="shouldLoadAWindow()" classname="com.emse.spring.faircorp.api.controller.WindowControllerTest" time="0.013"/>
  <testcase name="shouldSwitchWindow()" classname="com.emse.spring.faircorp.api.controller.WindowControllerTest" time="0.009"/>
  <testcase name="shouldCreateWindow()" classname="com.emse.spring.faircorp.api.controller.WindowControllerTest" time="0.007"/>
  <testcase name="shouldUpdateWindow()" classname="com.emse.spring.faircorp.api.controller.WindowControllerTest" time="0.007"/>
  <testcase name="shouldLoadWindows()" classname="com.emse.spring.faircorp.api.controller.WindowControllerTest" time="0.009"/>
  <testcase name="shouldDeleteWindow()" classname="com.emse.spring.faircorp.api.controller.WindowControllerTest" time="0.004"/>
  <testcase name="shouldLoadAWindowAndReturnNullIfNotFound()" classname="com.emse.spring.faircorp.api.controller.WindowControllerTest" time="0.006"/>
  <system-out><![CDATA[2022-12-13 15:28:21.679  INFO 1843 --- [    Test worker] .b.t.a.w.s.WebMvcTestContextBootstrapper : Neither @ContextConfiguration nor @ContextHierarchy found for test class [com.emse.spring.faircorp.api.controller.WindowControllerTest], using SpringBootContextLoader
2022-12-13 15:28:21.681  INFO 1843 --- [    Test worker] o.s.t.c.support.AbstractContextLoader    : Could not detect default resource locations for test class [com.emse.spring.faircorp.api.controller.WindowControllerTest]: no resource found for suffixes {-context.xml, Context.groovy}.
2022-12-13 15:28:21.682  INFO 1843 --- [    Test worker] t.c.s.AnnotationConfigContextLoaderUtils : Could not detect default configuration classes for test class [com.emse.spring.faircorp.api.controller.WindowControllerTest]: WindowControllerTest does not declare any static, non-private, non-final, nested classes annotated with @Configuration.
2022-12-13 15:28:21.686  INFO 1843 --- [    Test worker] .b.t.c.SpringBootTestContextBootstrapper : Found @SpringBootConfiguration com.emse.spring.faircorp.Application for test class com.emse.spring.faircorp.api.controller.WindowControllerTest
2022-12-13 15:28:21.687  INFO 1843 --- [    Test worker] .b.t.a.w.s.WebMvcTestContextBootstrapper : Loaded default TestExecutionListener class names from location [META-INF/spring.factories]: [org.springframework.security.test.context.support.WithSecurityContextTestExecutionListener, org.springframework.security.test.context.support.ReactorContextTestExecutionListener, org.springframework.boot.test.autoconfigure.restdocs.RestDocsTestExecutionListener, org.springframework.boot.test.autoconfigure.web.client.MockRestServiceServerResetTestExecutionListener, org.springframework.boot.test.autoconfigure.web.servlet.MockMvcPrintOnlyOnFailureTestExecutionListener, org.springframework.boot.test.autoconfigure.web.servlet.WebDriverTestExecutionListener, org.springframework.boot.test.autoconfigure.webservices.client.MockWebServiceServerTestExecutionListener, org.springframework.boot.test.mock.mockito.MockitoTestExecutionListener, org.springframework.boot.test.mock.mockito.ResetMocksTestExecutionListener, org.springframework.test.context.web.ServletTestExecutionListener, org.springframework.test.context.support.DirtiesContextBeforeModesTestExecutionListener, org.springframework.test.context.event.ApplicationEventsTestExecutionListener, org.springframework.test.context.support.DependencyInjectionTestExecutionListener, org.springframework.test.context.support.DirtiesContextTestExecutionListener, org.springframework.test.context.transaction.TransactionalTestExecutionListener, org.springframework.test.context.jdbc.SqlScriptsTestExecutionListener, org.springframework.test.context.event.EventPublishingTestExecutionListener]
2022-12-13 15:28:21.688  INFO 1843 --- [    Test worker] .b.t.a.w.s.WebMvcTestContextBootstrapper : Using TestExecutionListeners: [org.springframework.test.context.web.ServletTestExecutionListener@259c6ab8, org.springframework.test.context.support.DirtiesContextBeforeModesTestExecutionListener@640a6d4b, org.springframework.test.context.event.ApplicationEventsTestExecutionListener@1238a074, org.springframework.boot.test.mock.mockito.MockitoTestExecutionListener@35b58254, org.springframework.boot.test.autoconfigure.SpringBootDependencyInjectionTestExecutionListener@73baf7f0, org.springframework.test.context.support.DirtiesContextTestExecutionListener@446dacf9, org.springframework.test.context.transaction.TransactionalTestExecutionListener@13018f00, org.springframework.test.context.jdbc.SqlScriptsTestExecutionListener@abf1816, org.springframework.security.test.context.support.WithSecurityContextTestExecutionListener@2e1e7bc6, org.springframework.test.context.event.EventPublishingTestExecutionListener@7bd1098, org.springframework.security.test.context.support.ReactorContextTestExecutionListener@185bf6e0, org.springframework.boot.test.autoconfigure.restdocs.RestDocsTestExecutionListener@6a562255, org.springframework.boot.test.autoconfigure.web.client.MockRestServiceServerResetTestExecutionListener@374ba492, org.springframework.boot.test.autoconfigure.web.servlet.MockMvcPrintOnlyOnFailureTestExecutionListener@581d5b33, org.springframework.boot.test.autoconfigure.web.servlet.WebDriverTestExecutionListener@1f365a26, org.springframework.boot.test.autoconfigure.webservices.client.MockWebServiceServerTestExecutionListener@44a9971f, org.springframework.boot.test.mock.mockito.ResetMocksTestExecutionListener@2e2cd42c]

  .   ____          _            __ _ _
 /\\ / ___'_ __ _ _(_)_ __  __ _ \ \ \ \
( ( )\___ | '_ | '_| | '_ \/ _` | \ \ \ \
 \\/  ___)| |_)| | | | | || (_| |  ) ) ) )
  '  |____| .__|_| |_|_| |_\__, | / / / /
 =========|_|==============|___/=/_/_/_/
 :: Spring Boot ::                (v2.7.3)

2022-12-13 15:28:21.712  INFO 1843 --- [    Test worker] c.e.s.f.a.c.WindowControllerTest         : Starting WindowControllerTest using Java 11.0.17 on fv-az221-22 with PID 1843 (started by runner in /home/runner/work/faircop/faircop)
2022-12-13 15:28:21.713  INFO 1843 --- [    Test worker] c.e.s.f.a.c.WindowControllerTest         : No active profile set, falling back to 1 default profile: "default"
2022-12-13 15:28:21.967  INFO 1843 --- [    Test worker] o.s.b.a.w.s.WelcomePageHandlerMapping    : Adding welcome page: class path resource [static/index.html]
2022-12-13 15:28:22.091  INFO 1843 --- [    Test worker] o.s.s.web.DefaultSecurityFilterChain     : Will secure any request with [org.springframework.security.web.session.DisableEncodeUrlFilter@79e9c14, org.springframework.security.web.context.request.async.WebAsyncManagerIntegrationFilter@340c7479, org.springframework.security.web.context.SecurityContextPersistenceFilter@2f9236d8, org.springframework.security.web.header.HeaderWriterFilter@4b9dc62f, org.springframework.security.web.csrf.CsrfFilter@d99df7a, org.springframework.security.web.authentication.logout.LogoutFilter@58932d08, org.springframework.security.web.authentication.UsernamePasswordAuthenticationFilter@dddcd91, org.springframework.security.web.authentication.ui.DefaultLoginPageGeneratingFilter@16cbba0f, org.springframework.security.web.authentication.ui.DefaultLogoutPageGeneratingFilter@575e862c, org.springframework.security.web.authentication.www.BasicAuthenticationFilter@21bd6fd1, org.springframework.security.web.savedrequest.RequestCacheAwareFilter@4536a09a, org.springframework.security.web.servletapi.SecurityContextHolderAwareRequestFilter@603faaad, org.springframework.security.web.authentication.AnonymousAuthenticationFilter@1d57b8f1, org.springframework.security.web.session.SessionManagementFilter@6cb3463b, org.springframework.security.web.access.ExceptionTranslationFilter@67e1a5fd, org.springframework.security.web.access.intercept.FilterSecurityInterceptor@6c2be147]
2022-12-13 15:28:22.127  INFO 1843 --- [    Test worker] o.s.b.t.m.w.SpringBootMockServletContext : Initializing Spring TestDispatcherServlet ''
2022-12-13 15:28:22.128  INFO 1843 --- [    Test worker] o.s.t.web.servlet.TestDispatcherServlet  : Initializing Servlet ''
2022-12-13 15:28:22.128  INFO 1843 --- [    Test worker] o.s.t.web.servlet.TestDispatcherServlet  : Completed initialization in 0 ms
2022-12-13 15:28:22.138  INFO 1843 --- [    Test worker] c.e.s.f.a.c.WindowControllerTest         : Started WindowControllerTest in 0.448 seconds (JVM running for 6.064)
]]></system-out>
  <system-err><![CDATA[]]></system-err>
</testsuite>
