<?xml version="1.0" encoding="UTF-8"?>
<testsuite name="com.emse.spring.faircorp.api.controller.RoomControllerTest" tests="8" skipped="0" failures="0" errors="0" timestamp="2022-12-13T15:28:21" hostname="fv-az221-22" time="0.112">
  <properties/>
  <testcase name="shouldUpdateRoom()" classname="com.emse.spring.faircorp.api.controller.RoomControllerTest" time="0.038"/>
  <testcase name="shouldLoadARoomAndReturnNullIfNotFound()" classname="com.emse.spring.faircorp.api.controller.RoomControllerTest" time="0.008"/>
  <testcase name="shouldSwitchHeaterInRoom()" classname="com.emse.spring.faircorp.api.controller.RoomControllerTest" time="0.007"/>
  <testcase name="shouldSwitchWindowInRoom()" classname="com.emse.spring.faircorp.api.controller.RoomControllerTest" time="0.012"/>
  <testcase name="shouldCreateRoom()" classname="com.emse.spring.faircorp.api.controller.RoomControllerTest" time="0.007"/>
  <testcase name="shouldDeleteRoom()" classname="com.emse.spring.faircorp.api.controller.RoomControllerTest" time="0.005"/>
  <testcase name="shouldLoadARoom()" classname="com.emse.spring.faircorp.api.controller.RoomControllerTest" time="0.009"/>
  <testcase name="shouldLoadRooms()" classname="com.emse.spring.faircorp.api.controller.RoomControllerTest" time="0.01"/>
  <system-out><![CDATA[2022-12-13 15:28:21.012  INFO 1843 --- [    Test worker] .b.t.a.w.s.WebMvcTestContextBootstrapper : Neither @ContextConfiguration nor @ContextHierarchy found for test class [com.emse.spring.faircorp.api.controller.RoomControllerTest], using SpringBootContextLoader
2022-12-13 15:28:21.012  INFO 1843 --- [    Test worker] o.s.t.c.support.AbstractContextLoader    : Could not detect default resource locations for test class [com.emse.spring.faircorp.api.controller.RoomControllerTest]: no resource found for suffixes {-context.xml, Context.groovy}.
2022-12-13 15:28:21.013  INFO 1843 --- [    Test worker] t.c.s.AnnotationConfigContextLoaderUtils : Could not detect default configuration classes for test class [com.emse.spring.faircorp.api.controller.RoomControllerTest]: RoomControllerTest does not declare any static, non-private, non-final, nested classes annotated with @Configuration.
2022-12-13 15:28:21.018  INFO 1843 --- [    Test worker] .b.t.c.SpringBootTestContextBootstrapper : Found @SpringBootConfiguration com.emse.spring.faircorp.Application for test class com.emse.spring.faircorp.api.controller.RoomControllerTest
2022-12-13 15:28:21.019  INFO 1843 --- [    Test worker] .b.t.a.w.s.WebMvcTestContextBootstrapper : Loaded default TestExecutionListener class names from location [META-INF/spring.factories]: [org.springframework.security.test.context.support.WithSecurityContextTestExecutionListener, org.springframework.security.test.context.support.ReactorContextTestExecutionListener, org.springframework.boot.test.autoconfigure.restdocs.RestDocsTestExecutionListener, org.springframework.boot.test.autoconfigure.web.client.MockRestServiceServerResetTestExecutionListener, org.springframework.boot.test.autoconfigure.web.servlet.MockMvcPrintOnlyOnFailureTestExecutionListener, org.springframework.boot.test.autoconfigure.web.servlet.WebDriverTestExecutionListener, org.springframework.boot.test.autoconfigure.webservices.client.MockWebServiceServerTestExecutionListener, org.springframework.boot.test.mock.mockito.MockitoTestExecutionListener, org.springframework.boot.test.mock.mockito.ResetMocksTestExecutionListener, org.springframework.test.context.web.ServletTestExecutionListener, org.springframework.test.context.support.DirtiesContextBeforeModesTestExecutionListener, org.springframework.test.context.event.ApplicationEventsTestExecutionListener, org.springframework.test.context.support.DependencyInjectionTestExecutionListener, org.springframework.test.context.support.DirtiesContextTestExecutionListener, org.springframework.test.context.transaction.TransactionalTestExecutionListener, org.springframework.test.context.jdbc.SqlScriptsTestExecutionListener, org.springframework.test.context.event.EventPublishingTestExecutionListener]
2022-12-13 15:28:21.020  INFO 1843 --- [    Test worker] .b.t.a.w.s.WebMvcTestContextBootstrapper : Using TestExecutionListeners: [org.springframework.test.context.web.ServletTestExecutionListener@20a9fb01, org.springframework.test.context.support.DirtiesContextBeforeModesTestExecutionListener@19fc0ef7, org.springframework.test.context.event.ApplicationEventsTestExecutionListener@6d5de79a, org.springframework.boot.test.mock.mockito.MockitoTestExecutionListener@796642ae, org.springframework.boot.test.autoconfigure.SpringBootDependencyInjectionTestExecutionListener@16f8df70, org.springframework.test.context.support.DirtiesContextTestExecutionListener@6f0ae0ee, org.springframework.test.context.transaction.TransactionalTestExecutionListener@6de9bba2, org.springframework.test.context.jdbc.SqlScriptsTestExecutionListener@2651e783, org.springframework.security.test.context.support.WithSecurityContextTestExecutionListener@7682bf66, org.springframework.test.context.event.EventPublishingTestExecutionListener@4eb73cc8, org.springframework.security.test.context.support.ReactorContextTestExecutionListener@6e23ba17, org.springframework.boot.test.autoconfigure.restdocs.RestDocsTestExecutionListener@47e725af, org.springframework.boot.test.autoconfigure.web.client.MockRestServiceServerResetTestExecutionListener@247dcbba, org.springframework.boot.test.autoconfigure.web.servlet.MockMvcPrintOnlyOnFailureTestExecutionListener@535be281, org.springframework.boot.test.autoconfigure.web.servlet.WebDriverTestExecutionListener@20db19ff, org.springframework.boot.test.autoconfigure.webservices.client.MockWebServiceServerTestExecutionListener@5eef8a16, org.springframework.boot.test.mock.mockito.ResetMocksTestExecutionListener@1405aa6a]

  .   ____          _            __ _ _
 /\\ / ___'_ __ _ _(_)_ __  __ _ \ \ \ \
( ( )\___ | '_ | '_| | '_ \/ _` | \ \ \ \
 \\/  ___)| |_)| | | | | || (_| |  ) ) ) )
  '  |____| .__|_| |_|_| |_\__, | / / / /
 =========|_|==============|___/=/_/_/_/
 :: Spring Boot ::                (v2.7.3)

2022-12-13 15:28:21.051  INFO 1843 --- [    Test worker] c.e.s.f.a.controller.RoomControllerTest  : Starting RoomControllerTest using Java 11.0.17 on fv-az221-22 with PID 1843 (started by runner in /home/runner/work/faircop/faircop)
2022-12-13 15:28:21.051  INFO 1843 --- [    Test worker] c.e.s.f.a.controller.RoomControllerTest  : No active profile set, falling back to 1 default profile: "default"
2022-12-13 15:28:21.359  INFO 1843 --- [    Test worker] o.s.b.a.w.s.WelcomePageHandlerMapping    : Adding welcome page: class path resource [static/index.html]
2022-12-13 15:28:21.514  INFO 1843 --- [    Test worker] o.s.s.web.DefaultSecurityFilterChain     : Will secure any request with [org.springframework.security.web.session.DisableEncodeUrlFilter@351be56b, org.springframework.security.web.context.request.async.WebAsyncManagerIntegrationFilter@212c0aff, org.springframework.security.web.context.SecurityContextPersistenceFilter@1abbc1d4, org.springframework.security.web.header.HeaderWriterFilter@66589252, org.springframework.security.web.csrf.CsrfFilter@6ac2c5a1, org.springframework.security.web.authentication.logout.LogoutFilter@1260c85e, org.springframework.security.web.authentication.UsernamePasswordAuthenticationFilter@654cb30c, org.springframework.security.web.authentication.ui.DefaultLoginPageGeneratingFilter@4b20aa21, org.springframework.security.web.authentication.ui.DefaultLogoutPageGeneratingFilter@21780905, org.springframework.security.web.authentication.www.BasicAuthenticationFilter@5cc669d, org.springframework.security.web.savedrequest.RequestCacheAwareFilter@48bab2c6, org.springframework.security.web.servletapi.SecurityContextHolderAwareRequestFilter@6ad26381, org.springframework.security.web.authentication.AnonymousAuthenticationFilter@47666b39, org.springframework.security.web.session.SessionManagementFilter@66a8ff6d, org.springframework.security.web.access.ExceptionTranslationFilter@364c93e6, org.springframework.security.web.access.intercept.FilterSecurityInterceptor@353422fd]
2022-12-13 15:28:21.547  INFO 1843 --- [    Test worker] o.s.b.t.m.w.SpringBootMockServletContext : Initializing Spring TestDispatcherServlet ''
2022-12-13 15:28:21.547  INFO 1843 --- [    Test worker] o.s.t.web.servlet.TestDispatcherServlet  : Initializing Servlet ''
2022-12-13 15:28:21.548  INFO 1843 --- [    Test worker] o.s.t.web.servlet.TestDispatcherServlet  : Completed initialization in 1 ms
2022-12-13 15:28:21.561  INFO 1843 --- [    Test worker] c.e.s.f.a.controller.RoomControllerTest  : Started RoomControllerTest in 0.538 seconds (JVM running for 5.487)
]]></system-out>
  <system-err><![CDATA[]]></system-err>
</testsuite>
