<?xml version="1.0" encoding="UTF-8"?>
<testsuite name="com.emse.spring.faircorp.hello.ConsoleGreetingServiceTest" tests="1" skipped="0" failures="0" errors="0" timestamp="2022-12-13T15:28:24" hostname="fv-az221-22" time="0.006">
  <properties/>
  <testcase name="testGreeting(CapturedOutput)" classname="com.emse.spring.faircorp.hello.ConsoleGreetingServiceTest" time="0.006"/>
  <system-out><![CDATA[Hello, Spring!
]]></system-out>
  <system-err><![CDATA[]]></system-err>
</testsuite>
