<?xml version="1.0" encoding="UTF-8"?>
<testsuite name="com.emse.spring.faircorp.api.controller.HeaterControllerTest" tests="7" skipped="0" failures="0" errors="0" timestamp="2022-12-13T15:28:20" hostname="fv-az221-22" time="0.135">
  <properties/>
  <testcase name="shouldLoadAHeater()" classname="com.emse.spring.faircorp.api.controller.HeaterControllerTest" time="0.021"/>
  <testcase name="shouldSwitchHeater()" classname="com.emse.spring.faircorp.api.controller.HeaterControllerTest" time="0.053"/>
  <testcase name="shouldCreateHeater()" classname="com.emse.spring.faircorp.api.controller.HeaterControllerTest" time="0.01"/>
  <testcase name="shouldUpdateHeater()" classname="com.emse.spring.faircorp.api.controller.HeaterControllerTest" time="0.013"/>
  <testcase name="shouldLoadHeaters()" classname="com.emse.spring.faircorp.api.controller.HeaterControllerTest" time="0.008"/>
  <testcase name="shouldDeleteHeater()" classname="com.emse.spring.faircorp.api.controller.HeaterControllerTest" time="0.007"/>
  <testcase name="shouldLoadAHeaterAndReturnNullIfNotFound()" classname="com.emse.spring.faircorp.api.controller.HeaterControllerTest" time="0.008"/>
  <system-out><![CDATA[2022-12-13 15:28:20.262  INFO 1843 --- [    Test worker] .b.t.a.w.s.WebMvcTestContextBootstrapper : Neither @ContextConfiguration nor @ContextHierarchy found for test class [com.emse.spring.faircorp.api.controller.HeaterControllerTest], using SpringBootContextLoader
2022-12-13 15:28:20.263  INFO 1843 --- [    Test worker] o.s.t.c.support.AbstractContextLoader    : Could not detect default resource locations for test class [com.emse.spring.faircorp.api.controller.HeaterControllerTest]: no resource found for suffixes {-context.xml, Context.groovy}.
2022-12-13 15:28:20.264  INFO 1843 --- [    Test worker] t.c.s.AnnotationConfigContextLoaderUtils : Could not detect default configuration classes for test class [com.emse.spring.faircorp.api.controller.HeaterControllerTest]: HeaterControllerTest does not declare any static, non-private, non-final, nested classes annotated with @Configuration.
2022-12-13 15:28:20.275  INFO 1843 --- [    Test worker] .b.t.c.SpringBootTestContextBootstrapper : Found @SpringBootConfiguration com.emse.spring.faircorp.Application for test class com.emse.spring.faircorp.api.controller.HeaterControllerTest
2022-12-13 15:28:20.278  INFO 1843 --- [    Test worker] .b.t.a.w.s.WebMvcTestContextBootstrapper : Loaded default TestExecutionListener class names from location [META-INF/spring.factories]: [org.springframework.security.test.context.support.WithSecurityContextTestExecutionListener, org.springframework.security.test.context.support.ReactorContextTestExecutionListener, org.springframework.boot.test.autoconfigure.restdocs.RestDocsTestExecutionListener, org.springframework.boot.test.autoconfigure.web.client.MockRestServiceServerResetTestExecutionListener, org.springframework.boot.test.autoconfigure.web.servlet.MockMvcPrintOnlyOnFailureTestExecutionListener, org.springframework.boot.test.autoconfigure.web.servlet.WebDriverTestExecutionListener, org.springframework.boot.test.autoconfigure.webservices.client.MockWebServiceServerTestExecutionListener, org.springframework.boot.test.mock.mockito.MockitoTestExecutionListener, org.springframework.boot.test.mock.mockito.ResetMocksTestExecutionListener, org.springframework.test.context.web.ServletTestExecutionListener, org.springframework.test.context.support.DirtiesContextBeforeModesTestExecutionListener, org.springframework.test.context.event.ApplicationEventsTestExecutionListener, org.springframework.test.context.support.DependencyInjectionTestExecutionListener, org.springframework.test.context.support.DirtiesContextTestExecutionListener, org.springframework.test.context.transaction.TransactionalTestExecutionListener, org.springframework.test.context.jdbc.SqlScriptsTestExecutionListener, org.springframework.test.context.event.EventPublishingTestExecutionListener]
2022-12-13 15:28:20.279  INFO 1843 --- [    Test worker] .b.t.a.w.s.WebMvcTestContextBootstrapper : Using TestExecutionListeners: [org.springframework.test.context.web.ServletTestExecutionListener@1805ca5c, org.springframework.test.context.support.DirtiesContextBeforeModesTestExecutionListener@3e61cffd, org.springframework.test.context.event.ApplicationEventsTestExecutionListener@3134b261, org.springframework.boot.test.mock.mockito.MockitoTestExecutionListener@aa633e6, org.springframework.boot.test.autoconfigure.SpringBootDependencyInjectionTestExecutionListener@3cc74fc4, org.springframework.test.context.support.DirtiesContextTestExecutionListener@c697186, org.springframework.test.context.transaction.TransactionalTestExecutionListener@185a7dd0, org.springframework.test.context.jdbc.SqlScriptsTestExecutionListener@2358443e, org.springframework.security.test.context.support.WithSecurityContextTestExecutionListener@25e796fe, org.springframework.test.context.event.EventPublishingTestExecutionListener@62c53685, org.springframework.security.test.context.support.ReactorContextTestExecutionListener@29ba63f0, org.springframework.boot.test.autoconfigure.restdocs.RestDocsTestExecutionListener@4822ab4d, org.springframework.boot.test.autoconfigure.web.client.MockRestServiceServerResetTestExecutionListener@516b84d1, org.springframework.boot.test.autoconfigure.web.servlet.MockMvcPrintOnlyOnFailureTestExecutionListener@1ad1f167, org.springframework.boot.test.autoconfigure.web.servlet.WebDriverTestExecutionListener@608eb42e, org.springframework.boot.test.autoconfigure.webservices.client.MockWebServiceServerTestExecutionListener@3d2b13b1, org.springframework.boot.test.mock.mockito.ResetMocksTestExecutionListener@30eb55c9]

  .   ____          _            __ _ _
 /\\ / ___'_ __ _ _(_)_ __  __ _ \ \ \ \
( ( )\___ | '_ | '_| | '_ \/ _` | \ \ \ \
 \\/  ___)| |_)| | | | | || (_| |  ) ) ) )
  '  |____| .__|_| |_|_| |_\__, | / / / /
 =========|_|==============|___/=/_/_/_/
 :: Spring Boot ::                (v2.7.3)

2022-12-13 15:28:20.311  INFO 1843 --- [    Test worker] c.e.s.f.a.c.HeaterControllerTest         : Starting HeaterControllerTest using Java 11.0.17 on fv-az221-22 with PID 1843 (started by runner in /home/runner/work/faircop/faircop)
2022-12-13 15:28:20.311  INFO 1843 --- [    Test worker] c.e.s.f.a.c.HeaterControllerTest         : No active profile set, falling back to 1 default profile: "default"
2022-12-13 15:28:20.630  INFO 1843 --- [    Test worker] o.s.b.a.w.s.WelcomePageHandlerMapping    : Adding welcome page: class path resource [static/index.html]
2022-12-13 15:28:20.820  INFO 1843 --- [    Test worker] o.s.s.web.DefaultSecurityFilterChain     : Will secure any request with [org.springframework.security.web.session.DisableEncodeUrlFilter@5edd9b4f, org.springframework.security.web.context.request.async.WebAsyncManagerIntegrationFilter@5db90818, org.springframework.security.web.context.SecurityContextPersistenceFilter@4e9bd2c8, org.springframework.security.web.header.HeaderWriterFilter@47772462, org.springframework.security.web.csrf.CsrfFilter@3f9e8af5, org.springframework.security.web.authentication.logout.LogoutFilter@2b0494a8, org.springframework.security.web.authentication.UsernamePasswordAuthenticationFilter@696105c4, org.springframework.security.web.authentication.ui.DefaultLoginPageGeneratingFilter@2ac3d530, org.springframework.security.web.authentication.ui.DefaultLogoutPageGeneratingFilter@3c17794e, org.springframework.security.web.authentication.www.BasicAuthenticationFilter@21ab919c, org.springframework.security.web.savedrequest.RequestCacheAwareFilter@18f13756, org.springframework.security.web.servletapi.SecurityContextHolderAwareRequestFilter@665b441e, org.springframework.security.web.authentication.AnonymousAuthenticationFilter@414d2821, org.springframework.security.web.session.SessionManagementFilter@59929ac, org.springframework.security.web.access.ExceptionTranslationFilter@337cb81d, org.springframework.security.web.access.intercept.FilterSecurityInterceptor@64dcf763]
2022-12-13 15:28:20.851  INFO 1843 --- [    Test worker] o.s.b.t.m.w.SpringBootMockServletContext : Initializing Spring TestDispatcherServlet ''
2022-12-13 15:28:20.852  INFO 1843 --- [    Test worker] o.s.t.web.servlet.TestDispatcherServlet  : Initializing Servlet ''
2022-12-13 15:28:20.854  INFO 1843 --- [    Test worker] o.s.t.web.servlet.TestDispatcherServlet  : Completed initialization in 1 ms
2022-12-13 15:28:20.868  INFO 1843 --- [    Test worker] c.e.s.f.a.c.HeaterControllerTest         : Started HeaterControllerTest in 0.587 seconds (JVM running for 4.794)
]]></system-out>
  <system-err><![CDATA[]]></system-err>
</testsuite>
